cmake -S . -B build
-- Configuring done (0.4s)
-- Generating done (0.1s)
-- Build files have been written to: /Users/user/Desktop/submit_webserv/build
cmake --build build
[ 16%] Built target webserv
[ 22%] Built target gtest
[ 27%] Built target gtest_main
[ 33%] Built target gmock
[ 36%] Building CXX object CMakeFiles/unit_test.dir/test/unit_test/TestHttpRequest.cpp.o
[ 38%] Building CXX object CMakeFiles/unit_test.dir/srcs/HttpRequest/HttpRequest/HttpRequest.cpp.o
[ 41%] Building CXX object CMakeFiles/unit_test.dir/srcs/HttpRequest/LinkClass/LinkClass.cpp.o
[ 44%] Linking CXX executable unit_test
[ 94%] Built target unit_test
[100%] Built target gmock_main
./build/unit_test --gtest_filter=Request*
Running main() from /Users/user/Desktop/submit_webserv/build/_deps/googletest-src/googletest/src/gtest_main.cc
Note: Google Test filter = Request*
[==========] Running 9 tests from 1 test suite.
[----------] Global test environment set-up.
[----------] 9 tests from Request
[ RUN      ] Request.TEST1
[       OK ] Request.TEST1 (4 ms)
[ RUN      ] Request.TEST2
[       OK ] Request.TEST2 (12 ms)
[ RUN      ] Request.TEST3
[       OK ] Request.TEST3 (11 ms)
[ RUN      ] Request.TEST4
[       OK ] Request.TEST4 (7 ms)
[ RUN      ] Request.TEST5
[       OK ] Request.TEST5 (21 ms)
[ RUN      ] Request.TEST6
[       OK ] Request.TEST6 (9 ms)
[ RUN      ] Request.TEST7
/Users/user/Desktop/submit_webserv/test/unit_test/TestHttpRequest.cpp:768: Failure
Failed
[  FAILED  ] Request.TEST7 (12 ms)
[ RUN      ] Request.TEST8
[       OK ] Request.TEST8 (8 ms)
[ RUN      ] Request.TEST9
[       OK ] Request.TEST9 (9 ms)
[----------] 9 tests from Request (99 ms total)

[----------] Global test environment tear-down
[==========] 9 tests from 1 test suite ran. (99 ms total)
[  PASSED  ] 8 tests.
[  FAILED  ] 1 test, listed below:
[  FAILED  ] Request.TEST7

 1 FAILED TEST
